f:\visualstudioprojects\cs512\cs512\debug\vc141.pdb
f:\visualstudioprojects\cs512\cs512\debug\vc141.idb
f:\visualstudioprojects\cs512\cs512\debug\main.obj
f:\visualstudioprojects\cs512\cs512\debug\cs512.obj
f:\visualstudioprojects\cs512\cs512\debug\shader.obj
f:\visualstudioprojects\cs512\cs512\debug\pch.obj
f:\visualstudioprojects\cs512\cs512\debug\obj_loader.obj
f:\visualstudioprojects\cs512\cs512\debug\mesh.obj
f:\visualstudioprojects\cs512\cs512\debug\display.obj
f:\visualstudioprojects\cs512\cs512\debug\colorcube.obj
f:\visualstudioprojects\cs512\cs512\debug\fixedpipeline.obj
f:\visualstudioprojects\cs512\cs512\debug\colorbube_funs.obj
f:\visualstudioprojects\cs512\cs512\debug\colorcube_funs.obj
f:\visualstudioprojects\cs512\cs512\debug\main1.obj
f:\visualstudioprojects\cs512\debug\cs512.exe
f:\visualstudioprojects\cs512\debug\cs512.ilk
f:\visualstudioprojects\cs512\debug\cs512.pdb
f:\visualstudioprojects\cs512\cs512\debug\mesh.obj.enc
f:\visualstudioprojects\cs512\cs512\debug\cs512.pch
f:\visualstudioprojects\cs512\cs512\debug\cs512.tlog\cl.command.1.tlog
f:\visualstudioprojects\cs512\cs512\debug\cs512.tlog\cl.read.1.tlog
f:\visualstudioprojects\cs512\cs512\debug\cs512.tlog\cl.write.1.tlog
f:\visualstudioprojects\cs512\cs512\debug\cs512.tlog\link.command.1.tlog
f:\visualstudioprojects\cs512\cs512\debug\cs512.tlog\link.read.1.tlog
f:\visualstudioprojects\cs512\cs512\debug\cs512.tlog\link.write.1.tlog
